****************************************************
*                                                  *
*                P C T B 0 0 3 B                   *
*                                                  *
*       Start..: 2014-05-07 23:24:33               *
*                                                  *
* Version..: 20120426 1.0 INITIAL RELEASE          *
*                                                  *
****************************************************
*  DBHOST.......: localhost                        *
*  DBUSER.......: root                             *
*  DBPASSWD.....: yourpasshere                     *
*  DBNAME.......: testdb                           *
*  DBPORT.......: 03306                            *
*  DBSOCKET.....: null                             *
****************************************************
ERRNO: 1045
Access denied for user 'root'@'localhost' (using password: YES)    
*************************************************************************
* E R R O R * E R R O R * E R R O R * E R R O R * E R R O R * E R R O R *
*************************************************************************
***                                                                   ***
** DB-STATUS: Program PCTB003B   SQLCODE=001   SQLCA-SEQUENCE=00000003 **
***                                                                   ***
*************************************************************************
* E R R O R * E R R O R * E R R O R * E R R O R * E R R O R * E R R O R *
*************************************************************************
*      D A T A B A S E   W O R K   U N I T   R O L L E D    B A C K     *
*************************************************************************
